This is pdfTeX, Version 3.14159265-2.6-1.40.20 (TeX Live 2019/Debian) (preloaded format=pdflatex 2021.1.9)  6 JUL 2021 08:45
entering extended mode
 restricted \write18 enabled.
 %&-line parsing enabled.
**/home/rafal/L2/L2projects/redditAttacks/shortTermAbridged/revisedSubmission/r
edditAttacksResubmission.tex

(/home/rafal/L2/L2projects/redditAttacks/shortTermAbridged/revisedSubmission/re
dditAttacksResubmission.tex
LaTeX2e <2020-02-02> patch level 2
L3 programming layer <2020-02-14>
(/home/rafal/L2/L2projects/redditAttacks/shortTermAbridged/revisedSubmission/ca
s-dc.cls
Document Class: cas-dc 2021/05/11, 2.3: Formatting class for CAS double column 
articles
\c@blind=\count167
\@bls=\dimen134
(/usr/share/texlive/texmf-dist/tex/latex/base/article.cls
Document Class: article 2019/12/20 v1.4l Standard LaTeX document class
(/usr/share/texlive/texmf-dist/tex/latex/base/fleqn.clo
File: fleqn.clo 2016/12/29 v1.2b Standard LaTeX option (flush left equations)
\mathindent=\dimen135
Applying: [2015/01/01] Make \[ robust on input line 50.
LaTeX Info: Redefining \[ on input line 51.
Already applied: [0000/00/00] Make \[ robust on input line 62.
Applying: [2015/01/01] Make \] robust on input line 74.
LaTeX Info: Redefining \] on input line 75.
Already applied: [0000/00/00] Make \] robust on input line 83.
) (/usr/share/texlive/texmf-dist/tex/latex/base/size10.clo
File: size10.clo 2019/12/20 v1.4l Standard LaTeX file (size option)
)
\c@part=\count168
\c@section=\count169
\c@subsection=\count170
\c@subsubsection=\count171
\c@paragraph=\count172
\c@subparagraph=\count173
\c@figure=\count174
\c@table=\count175
\abovecaptionskip=\skip47
\belowcaptionskip=\skip48
\bibindent=\dimen136
) (/usr/share/texlive/texmf-dist/tex/latex/graphics/graphicx.sty
Package: graphicx 2019/11/30 v1.2a Enhanced LaTeX Graphics (DPC,SPQR)
(/usr/share/texlive/texmf-dist/tex/latex/graphics/keyval.sty
Package: keyval 2014/10/28 v1.15 key=value parser (DPC)
\KV@toks@=\toks14
) (/usr/share/texlive/texmf-dist/tex/latex/graphics/graphics.sty
Package: graphics 2019/11/30 v1.4a Standard LaTeX Graphics (DPC,SPQR)
(/usr/share/texlive/texmf-dist/tex/latex/graphics/trig.sty
Package: trig 2016/01/03 v1.10 sin cos tan (DPC)
) (/usr/share/texlive/texmf-dist/tex/latex/graphics-cfg/graphics.cfg
File: graphics.cfg 2016/06/04 v1.11 sample graphics configuration
)
Package graphics Info: Driver file: pdftex.def on input line 105.
(/usr/share/texlive/texmf-dist/tex/latex/graphics-def/pdftex.def
File: pdftex.def 2018/01/08 v1.0l Graphics/color driver for pdftex
))
\Gin@req@height=\dimen137
\Gin@req@width=\dimen138
) (/usr/share/texlive/texmf-dist/tex/latex/amsmath/amsmath.sty
Package: amsmath 2020/01/20 v2.17e AMS math features
\@mathmargin=\skip49
For additional information on amsmath, use the `?' option.
(/usr/share/texlive/texmf-dist/tex/latex/amsmath/amstext.sty
Package: amstext 2000/06/29 v2.01 AMS text
(/usr/share/texlive/texmf-dist/tex/latex/amsmath/amsgen.sty
File: amsgen.sty 1999/11/30 v2.0 generic functions
\@emptytoks=\toks15
\ex@=\dimen139
)) (/usr/share/texlive/texmf-dist/tex/latex/amsmath/amsbsy.sty
Package: amsbsy 1999/11/29 v1.2d Bold Symbols
\pmbraise@=\dimen140
) (/usr/share/texlive/texmf-dist/tex/latex/amsmath/amsopn.sty
Package: amsopn 2016/03/08 v2.02 operator names
)
\inf@bad=\count176
LaTeX Info: Redefining \frac on input line 227.
\uproot@=\count177
\leftroot@=\count178
LaTeX Info: Redefining \overline on input line 389.
\classnum@=\count179
\DOTSCASE@=\count180
LaTeX Info: Redefining \ldots on input line 486.
LaTeX Info: Redefining \dots on input line 489.
LaTeX Info: Redefining \cdots on input line 610.
\Mathstrutbox@=\box45
\strutbox@=\box46
\big@size=\dimen141
LaTeX Font Info:    Redeclaring font encoding OML on input line 733.
LaTeX Font Info:    Redeclaring font encoding OMS on input line 734.
\macc@depth=\count181
\c@MaxMatrixCols=\count182
\dotsspace@=\muskip16
\c@parentequation=\count183
\dspbrk@lvl=\count184
\tag@help=\toks16
\row@=\count185
\column@=\count186
\maxfields@=\count187
\andhelp@=\toks17
\eqnshift@=\dimen142
\alignsep@=\dimen143
\tagshift@=\dimen144
\tagwidth@=\dimen145
\totwidth@=\dimen146
\lineht@=\dimen147
\@envbody=\toks18
\multlinegap=\skip50
\multlinetaggap=\skip51
\mathdisplay@stack=\toks19
LaTeX Info: Redefining \[ on input line 2859.
LaTeX Info: Redefining \] on input line 2860.
) (/usr/share/texlive/texmf-dist/tex/latex/amsfonts/amsfonts.sty
Package: amsfonts 2013/01/14 v3.01 Basic AMSFonts support
\symAMSa=\mathgroup4
\symAMSb=\mathgroup5
LaTeX Font Info:    Redeclaring math symbol \hbar on input line 98.
LaTeX Font Info:    Overwriting math alphabet `\mathfrak' in version `bold'
(Font)                  U/euf/m/n --> U/euf/b/n on input line 106.
) (/usr/share/texlive/texmf-dist/tex/latex/amsfonts/amssymb.sty
Package: amssymb 2013/01/14 v3.01 AMS font symbols
) (/usr/share/texlive/texmf-dist/tex/latex/l3kernel/expl3.sty
Package: expl3 2020-02-14 L3 programming layer (loader) 
(/usr/share/texlive/texmf-dist/tex/latex/l3backend/l3backend-pdfmode.def
File: l3backend-pdfmode.def 2020-02-03 L3 backend support: PDF mode
\l__kernel_color_stack_int=\count188
\l__pdf_internal_box=\box47
)) (/usr/share/texlive/texmf-dist/tex/latex/l3packages/xparse/xparse.sty
Package: xparse 2020-02-14 L3 Experimental document command parser
\l__xparse_current_arg_int=\count189
\g__xparse_grabber_int=\count190
\l__xparse_m_args_int=\count191
\l__xparse_v_nesting_int=\count192
) (/usr/share/texlive/texmf-dist/tex/latex/etoolbox/etoolbox.sty
Package: etoolbox 2019/09/21 v2.5h e-TeX tools for LaTeX (JAW)
\etb@tempcnta=\count193
) (/usr/share/texlive/texmf-dist/tex/latex/preprint/balance.sty
Package: balance 1999/02/23 4.3 (PWD)
\oldvsize=\dimen148
) (/usr/share/texlive/texmf-dist/tex/latex/booktabs/booktabs.sty
Package: booktabs 2020/01/12 v1.61803398 Publication quality tables
\heavyrulewidth=\dimen149
\lightrulewidth=\dimen150
\cmidrulewidth=\dimen151
\belowrulesep=\dimen152
\belowbottomsep=\dimen153
\aboverulesep=\dimen154
\abovetopsep=\dimen155
\cmidrulesep=\dimen156
\cmidrulekern=\dimen157
\defaultaddspace=\dimen158
\@cmidla=\count194
\@cmidlb=\count195
\@aboverulesep=\dimen159
\@belowrulesep=\dimen160
\@thisruleclass=\count196
\@lastruleclass=\count197
\@thisrulewidth=\dimen161
) (/usr/share/texlive/texmf-dist/tex/latex/makecell/makecell.sty
Package: makecell 2009/08/03 V0.1e Managing of Tab Column Heads and Cells
(/usr/share/texlive/texmf-dist/tex/latex/tools/array.sty
Package: array 2019/08/31 v2.4l Tabular extension package (FMi)
\col@sep=\dimen162
\ar@mcellbox=\box48
\extrarowheight=\dimen163
\NC@list=\toks20
\extratabsurround=\skip52
\backup@length=\skip53
\ar@cellbox=\box49
)
\rotheadsize=\dimen164
\c@nlinenum=\count198
\TeXr@lab=\toks21
) (/usr/share/texlive/texmf-dist/tex/latex/multirow/multirow.sty
Package: multirow 2019/05/31 v2.5 Span multiple rows of a table
\multirow@colwidth=\skip54
\multirow@cntb=\count199
\multirow@dima=\skip55
\bigstrutjot=\dimen165
) (/usr/share/texlive/texmf-dist/tex/latex/colortbl/colortbl.sty
Package: colortbl 2020/01/04 v1.0e Color table columns (DPC)
(/usr/share/texlive/texmf-dist/tex/latex/graphics/color.sty
Package: color 2019/11/23 v1.2a Standard LaTeX Color (DPC)
(/usr/share/texlive/texmf-dist/tex/latex/graphics-cfg/color.cfg
File: color.cfg 2016/01/02 v1.6 sample color configuration
)
Package color Info: Driver file: pdftex.def on input line 147.
)
\everycr=\toks22
\minrowclearance=\skip56
) (/usr/share/texlive/texmf-dist/tex/latex/tools/dcolumn.sty
Package: dcolumn 2014/10/28 v1.06 decimal alignment package (DPC)
) (/usr/share/texlive/texmf-dist/tex/latex/sttools/stfloats.sty
Package: stfloats 2017/03/27 v3.3 Improve float mechanism and baselineskip sett
ings
\@dblbotnum=\count266
\c@dblbotnumber=\count267
) (/usr/share/texlive/texmf-dist/tex/latex/tools/xspace.sty
Package: xspace 2014/10/28 v1.13 Space after command names (DPC,MH)
) (/usr/share/texlive/texmf-dist/tex/generic/xstring/xstring.sty (/usr/share/te
xlive/texmf-dist/tex/generic/xstring/xstring.tex
\integerpart=\count268
\decimalpart=\count269
)
Package: xstring 2019/02/06 v1.83 String manipulations (CT)
) (/usr/share/texlive/texmf-dist/tex/latex/footmisc/footmisc.sty
Package: footmisc 2011/06/06 v5.5b a miscellany of footnote facilities
\FN@temptoken=\toks23
\footnotemargin=\dimen166
\c@pp@next@reset=\count270
Package footmisc Info: Declaring symbol style bringhurst on input line 855.
Package footmisc Info: Declaring symbol style chicago on input line 863.
Package footmisc Info: Declaring symbol style wiley on input line 872.
Package footmisc Info: Declaring symbol style lamport-robust on input line 883.

Package footmisc Info: Declaring symbol style lamport* on input line 903.
Package footmisc Info: Declaring symbol style lamport*-robust on input line 924
.
) (/usr/share/texlive/texmf-dist/tex/latex/xcolor/xcolor.sty
Package: xcolor 2016/05/11 v2.12 LaTeX color extensions (UK)
(/usr/share/texlive/texmf-dist/tex/latex/graphics-cfg/color.cfg
File: color.cfg 2016/01/02 v1.6 sample color configuration
)
Package xcolor Info: Driver file: pdftex.def on input line 225.
LaTeX Info: Redefining \color on input line 709.
Package xcolor Info: Model `cmy' substituted by `cmy0' on input line 1348.
Package xcolor Info: Model `hsb' substituted by `rgb' on input line 1352.
Package xcolor Info: Model `RGB' extended on input line 1364.
Package xcolor Info: Model `HTML' substituted by `rgb' on input line 1366.
Package xcolor Info: Model `Hsb' substituted by `hsb' on input line 1367.
Package xcolor Info: Model `tHsb' substituted by `hsb' on input line 1368.
Package xcolor Info: Model `HSB' substituted by `hsb' on input line 1369.
Package xcolor Info: Model `Gray' substituted by `gray' on input line 1370.
Package xcolor Info: Model `wave' substituted by `hsb' on input line 1371.
(/usr/share/texlive/texmf-dist/tex/latex/graphics/dvipsnam.def
File: dvipsnam.def 2016/06/17 v3.0m Driver-dependent file (DPC,SPQR)
) (/usr/share/texlive/texmf-dist/tex/latex/xcolor/svgnam.def
File: svgnam.def 2016/05/11 v2.12 Predefined colors according to SVG 1.1 (UK)
)) (/usr/share/texlive/texmf-dist/tex/latex/hyperref/hyperref.sty
Package: hyperref 2020/01/14 v7.00d Hypertext links for LaTeX
(/usr/share/texlive/texmf-dist/tex/generic/ltxcmds/ltxcmds.sty
Package: ltxcmds 2019/12/15 v1.24 LaTeX kernel commands for general use (HO)
) (/usr/share/texlive/texmf-dist/tex/generic/iftex/iftex.sty
Package: iftex 2019/11/07 v1.0c TeX engine tests
) (/usr/share/texlive/texmf-dist/tex/latex/pdftexcmds/pdftexcmds.sty
Package: pdftexcmds 2019/11/24 v0.31 Utility functions of pdfTeX for LuaTeX (HO
)
(/usr/share/texlive/texmf-dist/tex/generic/infwarerr/infwarerr.sty
Package: infwarerr 2019/12/03 v1.5 Providing info/warning/error messages (HO)
)
Package pdftexcmds Info: \pdf@primitive is available.
Package pdftexcmds Info: \pdf@ifprimitive is available.
Package pdftexcmds Info: \pdfdraftmode found.
) (/usr/share/texlive/texmf-dist/tex/generic/kvsetkeys/kvsetkeys.sty
Package: kvsetkeys 2019/12/15 v1.18 Key value parser (HO)
) (/usr/share/texlive/texmf-dist/tex/generic/kvdefinekeys/kvdefinekeys.sty
Package: kvdefinekeys 2019-12-19 v1.6 Define keys (HO)
) (/usr/share/texlive/texmf-dist/tex/generic/pdfescape/pdfescape.sty
Package: pdfescape 2019/12/09 v1.15 Implements pdfTeX's escape features (HO)
) (/usr/share/texlive/texmf-dist/tex/latex/hycolor/hycolor.sty
Package: hycolor 2020-01-27 v1.10 Color options for hyperref/bookmark (HO)
) (/usr/share/texlive/texmf-dist/tex/latex/letltxmacro/letltxmacro.sty
Package: letltxmacro 2019/12/03 v1.6 Let assignment for LaTeX macros (HO)
) (/usr/share/texlive/texmf-dist/tex/latex/auxhook/auxhook.sty
Package: auxhook 2019-12-17 v1.6 Hooks for auxiliary files (HO)
) (/usr/share/texlive/texmf-dist/tex/latex/kvoptions/kvoptions.sty
Package: kvoptions 2019/11/29 v3.13 Key value format for package options (HO)
)
\@linkdim=\dimen167
\Hy@linkcounter=\count271
\Hy@pagecounter=\count272
(/usr/share/texlive/texmf-dist/tex/latex/hyperref/pd1enc.def
File: pd1enc.def 2020/01/14 v7.00d Hyperref: PDFDocEncoding definition (HO)
Now handling font encoding PD1 ...
... no UTF-8 mapping file for font encoding PD1
) (/usr/share/texlive/texmf-dist/tex/generic/intcalc/intcalc.sty
Package: intcalc 2019/12/15 v1.3 Expandable calculations with integers (HO)
) (/usr/share/texlive/texmf-dist/tex/generic/etexcmds/etexcmds.sty
Package: etexcmds 2019/12/15 v1.7 Avoid name clashes with e-TeX commands (HO)
)
\Hy@SavedSpaceFactor=\count273
\pdfmajorversion=\count274
Package hyperref Info: Option `colorlinks' set `true' on input line 4421.
Package hyperref Info: Hyper figures OFF on input line 4547.
Package hyperref Info: Link nesting OFF on input line 4552.
Package hyperref Info: Hyper index ON on input line 4555.
Package hyperref Info: Plain pages OFF on input line 4562.
Package hyperref Info: Backreferencing OFF on input line 4567.
Package hyperref Info: Implicit mode ON; LaTeX internals redefined.
Package hyperref Info: Bookmarks ON on input line 4800.
\c@Hy@tempcnt=\count275
(/usr/share/texlive/texmf-dist/tex/latex/url/url.sty
\Urlmuskip=\muskip17
Package: url 2013/09/16  ver 3.4  Verb mode for urls, etc.
)
LaTeX Info: Redefining \url on input line 5159.
\XeTeXLinkMargin=\dimen168
(/usr/share/texlive/texmf-dist/tex/generic/bitset/bitset.sty
Package: bitset 2019/12/09 v1.3 Handle bit-vector datatype (HO)
(/usr/share/texlive/texmf-dist/tex/generic/bigintcalc/bigintcalc.sty
Package: bigintcalc 2019/12/15 v1.5 Expandable calculations on big integers (HO
)
))
\Fld@menulength=\count276
\Field@Width=\dimen169
\Fld@charsize=\dimen170
Package hyperref Info: Hyper figures OFF on input line 6430.
Package hyperref Info: Link nesting OFF on input line 6435.
Package hyperref Info: Hyper index ON on input line 6438.
Package hyperref Info: backreferencing OFF on input line 6445.
Package hyperref Info: Link coloring ON on input line 6448.
Package hyperref Info: Link coloring with OCG OFF on input line 6455.
Package hyperref Info: PDF/A mode OFF on input line 6460.
LaTeX Info: Redefining \ref on input line 6500.
LaTeX Info: Redefining \pageref on input line 6504.
(/usr/share/texlive/texmf-dist/tex/generic/atbegshi/atbegshi.sty
Package: atbegshi 2019/12/05 v1.19 At begin shipout hook (HO)
)
\Hy@abspage=\count277
\c@Item=\count278
\c@Hfootnote=\count279
)
Package hyperref Info: Driver (autodetected): hpdftex.
(/usr/share/texlive/texmf-dist/tex/latex/hyperref/hpdftex.def
File: hpdftex.def 2020/01/14 v7.00d Hyperref driver for pdfTeX
(/usr/share/texlive/texmf-dist/tex/latex/atveryend/atveryend.sty
Package: atveryend 2019-12-11 v1.11 Hooks at the very end of document (HO)
)
\Fld@listcount=\count280
\c@bookmark@seq@number=\count281
(/usr/share/texlive/texmf-dist/tex/latex/rerunfilecheck/rerunfilecheck.sty
Package: rerunfilecheck 2019/12/05 v1.9 Rerun checks for auxiliary files (HO)
(/usr/share/texlive/texmf-dist/tex/generic/uniquecounter/uniquecounter.sty
Package: uniquecounter 2019/12/15 v1.4 Provide unlimited unique counter (HO)
)
Package uniquecounter Info: New unique counter `rerunfilecheck' on input line 2
86.
)
\Hy@SectionHShift=\skip57
)
(/home/rafal/L2/L2projects/redditAttacks/shortTermAbridged/revisedSubmission/ca
s-common.sty
\l_stm_title_before_dim=\dimen171
\l_stm_title_after_dim=\dimen172
\g_ead_int=\count282
\g_uad_int=\count283
\@eadauthor=\toks24
\g_stm_tnote_int=\count284
\g_stm_fnote_int=\count285
\g_stm_cor_int=\count286
\g_stm_au_int=\count287
\g_stm_aau_int=\count288
\l_autype_int=\count289
\l_stm_augroup_before_dim=\dimen173
\l_stm_augroup_after_dim=\dimen174
\l_stm_augroup_lskip_tl=\dimen175
\l_stm_augroup_rskip_tl=\dimen176
\g_stm_aff_int=\count290
\g_stm_aff_ext_int=\count291
\g_stm_aff_int_int=\count292
\g_stm_fn_aff_ext_int=\count293
\g_stm_fn_aff_int_int=\count294
\l_stm_aff_before_dim=\dimen177
\l_stm_aff_after_dim=\dimen178
\l_stm_aff_lskip_dim=\dimen179
\l_stm_aff_rskip_dim=\dimen180
\g_stm_augr_int=\count295
\g_stm_aaugr_int=\count296
(/usr/share/texlive/texmf-dist/tex/latex/moreverb/moreverb.sty
Package: moreverb 2008/06/03 v2.3a `more' verbatim facilities
(/usr/share/texlive/texmf-dist/tex/latex/tools/verbatim.sty
Package: verbatim 2019/11/10 v1.5r LaTeX2e package for verbatim enhancements
\every@verbatim=\toks25
\verbatim@line=\toks26
\verbatim@in@stream=\read2
)
\tab@position=\count297
\tab@size=\count298
\listing@line=\count299
)
\g_stm_abs_box=\box50
\casgrabsbox=\box51
\casauhlbox=\box52
\g_stm_key_box=\box53
\g_stm_jtype_int=\count300
\g_stm_blind_int=\count301
\c@au=\count302
\c@cnote=\count303
\c@tnote=\count304
\c@fnote=\count305
\c@aff=\count306
\g_stm_notes_box=\box54
\g_stm_front_box=\box55
\paraindent=\dimen181
\subparaindent=\dimen182
\FullWidth=\dimen183
\l_tbl_width_dim=\dimen184
\l_tbl_abovecap_skip=\skip58
\l_tbl_belowcap_skip=\skip59
\l_tbl_abovetbl_skip=\skip60
\l_tbl_belowtbl_skip=\skip61
\l_fig_width_dim=\dimen185
\cascaptionbox=\box56
\l_fig_abovecap_skip=\skip62
\l_fig_belowcap_skip=\skip63
\l_fig_abovefig_skip=\skip64
\l_fig_belowfig_skip=\skip65
(/usr/share/texlive/texmf-dist/tex/latex/wrapfig/wrapfig.sty
\wrapoverhang=\dimen186
\WF@size=\dimen187
\c@WF@wrappedlines=\count307
\WF@box=\box57
\WF@everypar=\toks27
Package: wrapfig 2003/01/31  v 3.6
)
\l_wrap_figwidth_dim=\dimen188
\l_wrap_fighspace_dim=\dimen189
\l_wrap_figvspace_dim=\dimen190
\l_wrap_fighcorr_dim=\dimen191
\l_wrap_figvcorr_dim=\dimen192
\l_above_bio_dim=\dimen193
\l_wrap_figlcorr_int=\count308
\l_wrap_figlines_int=\count309
\l_bio_text_box=\box58
\c@ca_biography_ctr=\count310
\l_ca_temp_inta=\count311
\leftMargin=\dimen194
\@enLab=\toks28
\@sep=\skip66
\@@sep=\skip67
) (/usr/share/texlive/texmf-dist/tex/latex/base/fontenc.sty
Package: fontenc 2020/02/11 v2.0o Standard LaTeX package
) (/usr/share/texlive/texmf-dist/tex/latex/stix/stix.sty
Package: stix 2018/04/17 v1.1.3-latex STIX fonts support package
(/usr/share/texlive/texmf-dist/tex/latex/base/textcomp.sty
Package: textcomp 2020/02/02 v2.0n Standard LaTeX package
LaTeX Font Info:    Changing ? sub-encoding to TS1/0 on input line 75.
)
Now handling font encoding LS1 ...
... no UTF-8 mapping file for font encoding LS1
Now handling font encoding LS2 ...
... no UTF-8 mapping file for font encoding LS2
LaTeX Font Info:    Redeclaring symbol font `letters' on input line 76.
LaTeX Font Info:    Encoding `OML' has changed to `LS1' for symbol font
(Font)              `letters' in the math version `normal' on input line 76.
LaTeX Font Info:    Overwriting symbol font `letters' in version `normal'
(Font)                  OML/cmm/m/it --> LS1/stix/m/it on input line 76.
LaTeX Font Info:    Encoding `OML' has changed to `LS1' for symbol font
(Font)              `letters' in the math version `bold' on input line 76.
LaTeX Font Info:    Overwriting symbol font `letters' in version `bold'
(Font)                  OML/cmm/b/it --> LS1/stix/m/it on input line 76.
LaTeX Font Info:    Redeclaring symbol font `operators' on input line 77.
LaTeX Font Info:    Encoding `OT1' has changed to `LS1' for symbol font
(Font)              `operators' in the math version `normal' on input line 77.
LaTeX Font Info:    Overwriting symbol font `operators' in version `normal'
(Font)                  OT1/cmr/m/n --> LS1/stix/m/n on input line 77.
LaTeX Font Info:    Encoding `OT1' has changed to `LS1' for symbol font
(Font)              `operators' in the math version `bold' on input line 77.
LaTeX Font Info:    Overwriting symbol font `operators' in version `bold'
(Font)                  OT1/cmr/bx/n --> LS1/stix/m/n on input line 77.
\symbold-operators=\mathgroup6
LaTeX Font Info:    Redeclaring symbol font `symbols' on input line 79.
LaTeX Font Info:    Encoding `OMS' has changed to `LS1' for symbol font
(Font)              `symbols' in the math version `normal' on input line 79.
LaTeX Font Info:    Overwriting symbol font `symbols' in version `normal'
(Font)                  OMS/cmsy/m/n --> LS1/stixscr/m/n on input line 79.
LaTeX Font Info:    Encoding `OMS' has changed to `LS1' for symbol font
(Font)              `symbols' in the math version `bold' on input line 79.
LaTeX Font Info:    Overwriting symbol font `symbols' in version `bold'
(Font)                  OMS/cmsy/b/n --> LS1/stixscr/m/n on input line 79.
\symsymbols2=\mathgroup7
\symsymbols3=\mathgroup8
\symsymbols4=\mathgroup9
\symintegrals=\mathgroup10
LaTeX Font Info:    Redeclaring symbol font `largesymbols' on input line 84.
LaTeX Font Info:    Encoding `OMX' has changed to `LS2' for symbol font
(Font)              `largesymbols' in the math version `normal' on input line 8
4.
LaTeX Font Info:    Overwriting symbol font `largesymbols' in version `normal'
(Font)                  OMX/cmex/m/n --> LS2/stixex/m/n on input line 84.
LaTeX Font Info:    Encoding `OMX' has changed to `LS2' for symbol font
(Font)              `largesymbols' in the math version `bold' on input line 84.

LaTeX Font Info:    Overwriting symbol font `largesymbols' in version `bold'
(Font)                  OMX/cmex/m/n --> LS2/stixex/m/n on input line 84.
\symarrows1=\mathgroup11
\symarrows2=\mathgroup12
\symarrows3=\mathgroup13
LaTeX Font Info:    Overwriting symbol font `letters' in version `bold'
(Font)                  LS1/stix/m/it --> LS1/stix/b/it on input line 88.
LaTeX Font Info:    Overwriting symbol font `operators' in version `bold'
(Font)                  LS1/stix/m/n --> LS1/stix/b/n on input line 89.
LaTeX Font Info:    Overwriting symbol font `symbols' in version `bold'
(Font)                  LS1/stixscr/m/n --> LS1/stixscr/b/n on input line 90.
LaTeX Font Info:    Overwriting symbol font `symbols2' in version `bold'
(Font)                  LS1/stixfrak/m/n --> LS1/stixfrak/b/n on input line 91.

LaTeX Font Info:    Overwriting symbol font `symbols3' in version `bold'
(Font)                  LS1/stixbb/m/n --> LS1/stixbb/b/n on input line 92.
LaTeX Font Info:    Overwriting symbol font `symbols4' in version `bold'
(Font)                  LS1/stixbb/m/it --> LS1/stixbb/b/it on input line 93.
LaTeX Font Info:    Overwriting symbol font `integrals' in version `bold'
(Font)                  LS2/stixcal/m/n --> LS2/stixcal/b/n on input line 94.
LaTeX Font Info:    Overwriting symbol font `largesymbols' in version `bold'
(Font)                  LS2/stixex/m/n --> LS2/stixex/b/n on input line 95.
LaTeX Font Info:    Overwriting symbol font `arrows1' in version `bold'
(Font)                  LS1/stixsf/m/n --> LS1/stixsf/b/n on input line 96.
LaTeX Font Info:    Overwriting symbol font `arrows2' in version `bold'
(Font)                  LS1/stixsf/m/it --> LS1/stixsf/b/it on input line 97.
LaTeX Font Info:    Overwriting symbol font `arrows3' in version `bold'
(Font)                  LS2/stixtt/m/n --> LS2/stixtt/b/n on input line 98.
LaTeX Font Info:    Redeclaring math alphabet \mathit on input line 99.
LaTeX Font Info:    Redeclaring math alphabet \mathfrak on input line 102.
LaTeX Font Info:    Redeclaring math alphabet \mathsf on input line 106.
LaTeX Font Info:    Redeclaring math alphabet \mathtt on input line 108.
LaTeX Font Info:    Redeclaring math alphabet \mathbf on input line 109.
LaTeX Info: Redefining \yen on input line 456.
LaTeX Info: Redefining \circledR on input line 458.
LaTeX Info: Redefining \checkmark on input line 460.
LaTeX Info: Redefining \maltese on input line 461.
LaTeX Font Info:    Redeclaring math accent \grave on input line 698.
LaTeX Font Info:    Redeclaring math accent \acute on input line 699.
LaTeX Font Info:    Redeclaring math accent \hat on input line 700.
LaTeX Font Info:    Redeclaring math accent \tilde on input line 701.
LaTeX Font Info:    Redeclaring math accent \bar on input line 702.
LaTeX Font Info:    Redeclaring math accent \breve on input line 703.
LaTeX Font Info:    Redeclaring math accent \dot on input line 704.
LaTeX Font Info:    Redeclaring math accent \ddot on input line 705.
LaTeX Font Info:    Redeclaring math accent \mathring on input line 707.
LaTeX Font Info:    Redeclaring math accent \check on input line 708.
LaTeX Font Info:    Redeclaring math accent \vec on input line 716.
LaTeX Font Info:    Redeclaring math accent \widehat on input line 728.
LaTeX Font Info:    Redeclaring math accent \widetilde on input line 729.
LaTeX Info: Redefining \vdots on input line 1518.
LaTeX Info: Redefining \cdots on input line 1522.
LaTeX Font Info:    Redeclaring math symbol \mathsterling on input line 1978.
LaTeX Info: Redefining \not on input line 2144.
) (/usr/share/texlive/texmf-dist/tex/latex/inconsolata/inconsolata.sty
Package: inconsolata 2019/05/17 v1.12
`inconsolata-zi4' v1.12, 2019/05/17 Text macros for Inconsolata (msharpe) (/usr
/share/texlive/texmf-dist/tex/latex/xkeyval/xkeyval.sty
Package: xkeyval 2014/12/03 v2.7a package option processing (HA)
(/usr/share/texlive/texmf-dist/tex/generic/xkeyval/xkeyval.tex (/usr/share/texl
ive/texmf-dist/tex/generic/xkeyval/xkvutils.tex
\XKV@toks=\toks29
\XKV@tempa@toks=\toks30
)
\XKV@depth=\count312
File: xkeyval.tex 2014/12/03 v2.7a key=value parser (HA)
))
\zifour@ocount=\count313
) (/usr/share/texlive/texmf-dist/tex/latex/geometry/geometry.sty
Package: geometry 2020/01/02 v5.9 Page Geometry
(/usr/share/texlive/texmf-dist/tex/generic/iftex/ifvtex.sty
Package: ifvtex 2019/10/25 v1.7 ifvtex legacy package. Use iftex instead.
)
\Gm@cnth=\count314
\Gm@cntv=\count315
\c@Gm@tempcnt=\count316
\Gm@bindingoffset=\dimen195
\Gm@wd@mp=\dimen196
\Gm@odd@mp=\dimen197
\Gm@even@mp=\dimen198
\Gm@layoutwidth=\dimen199
\Gm@layoutheight=\dimen256
\Gm@layouthoffset=\dimen257
\Gm@layoutvoffset=\dimen258
\Gm@dimlist=\toks31
)) (/usr/share/texlive/texmf-dist/tex/latex/psnfss/helvet.sty
Package: helvet 2005/04/12 PSNFSS-v9.2a (WaS) 
) (/usr/share/texlive/texmf-dist/tex/latex/units/nicefrac.sty
Package: nicefrac 1998/08/04 v0.9b Nice fractions
\L@UnitsRaiseDisplaystyle=\skip68
\L@UnitsRaiseTextstyle=\skip69
\L@UnitsRaiseScriptstyle=\skip70
(/usr/share/texlive/texmf-dist/tex/latex/base/ifthen.sty
Package: ifthen 2014/09/29 v1.1c Standard LaTeX ifthen package (DPC)
)) (/usr/share/texlive/texmf-dist/tex/latex/base/inputenc.sty
Package: inputenc 2018/08/11 v1.3c Input encoding file
\inpenc@prehook=\toks32
\inpenc@posthook=\toks33
) (/usr/share/texlive/texmf-dist/tex/latex/natbib/natbib.sty
Package: natbib 2010/09/13 8.31b (PWD, AO)
\bibhang=\skip71
\bibsep=\skip72
LaTeX Info: Redefining \cite on input line 694.
\c@NAT@ctr=\count317
)
(/home/rafal/L2/L2projects/redditAttacks/shortTermAbridged/revisedSubmission/re
dditAttacksResubmission.aux)
\openout1 = `redditAttacksResubmission.aux'.

LaTeX Font Info:    Checking defaults for OML/cmm/m/it on input line 47.
LaTeX Font Info:    ... okay on input line 47.
LaTeX Font Info:    Checking defaults for OMS/cmsy/m/n on input line 47.
LaTeX Font Info:    ... okay on input line 47.
LaTeX Font Info:    Checking defaults for OT1/cmr/m/n on input line 47.
LaTeX Font Info:    ... okay on input line 47.
LaTeX Font Info:    Checking defaults for T1/cmr/m/n on input line 47.
LaTeX Font Info:    ... okay on input line 47.
LaTeX Font Info:    Checking defaults for TS1/cmr/m/n on input line 47.
LaTeX Font Info:    ... okay on input line 47.
LaTeX Font Info:    Checking defaults for OMX/cmex/m/n on input line 47.
LaTeX Font Info:    ... okay on input line 47.
LaTeX Font Info:    Checking defaults for U/cmr/m/n on input line 47.
LaTeX Font Info:    ... okay on input line 47.
LaTeX Font Info:    Checking defaults for PD1/pdf/m/n on input line 47.
LaTeX Font Info:    ... okay on input line 47.
LaTeX Font Info:    Checking defaults for LS1/stix/m/n on input line 47.
LaTeX Font Info:    Trying to load font information for LS1+stix on input line 
47.
(/usr/share/texlive/texmf-dist/tex/latex/stix/ls1stix.fd
File: ls1stix.fd 2015/04/17 v1.1.2-latex STIX LS1 font definitions
)
LaTeX Font Info:    ... okay on input line 47.
LaTeX Font Info:    Checking defaults for LS2/stix/m/n on input line 47.
LaTeX Font Info:    Trying to load font information for LS2+stix on input line 
47.
(/usr/share/texlive/texmf-dist/tex/latex/stix/ls2stix.fd
File: ls2stix.fd 2015/04/17 v1.1.2-latex STIX LS2 font definitions
)
LaTeX Font Info:    ... okay on input line 47.
LaTeX Font Info:    Trying to load font information for T1+stix on input line 4
7.
(/usr/share/texlive/texmf-dist/tex/latex/stix/t1stix.fd
File: t1stix.fd 2015/04/17 v1.1.2-latex STIX T1 font definitions
) (/usr/share/texlive/texmf-dist/tex/context/base/mkii/supp-pdf.mkii
[Loading MPS to PDF converter (version 2006.09.02).]
\scratchcounter=\count318
\scratchdimen=\dimen259
\scratchbox=\box59
\nofMPsegments=\count319
\nofMParguments=\count320
\everyMPshowfont=\toks34
\MPscratchCnt=\count321
\MPscratchDim=\dimen260
\MPnumerator=\count322
\makeMPintoPDFobject=\count323
\everyMPtoPDFconversion=\toks35
) (/usr/share/texlive/texmf-dist/tex/latex/epstopdf-pkg/epstopdf-base.sty
Package: epstopdf-base 2020-01-24 v2.11 Base part for package epstopdf
(/usr/share/texlive/texmf-dist/tex/latex/grfext/grfext.sty
Package: grfext 2019/12/03 v1.3 Manage graphics extensions (HO)
)
Package epstopdf-base Info: Redefining graphics rule for `.eps' on input line 4
85.
Package grfext Info: Graphics extension search list:
(grfext)             [.pdf,.png,.jpg,.mps,.jpeg,.jbig2,.jb2,.PDF,.PNG,.JPG,.JPE
G,.JBIG2,.JB2,.eps]
(grfext)             \AppendGraphicsExtensions on input line 504.
(/usr/share/texlive/texmf-dist/tex/latex/latexconfig/epstopdf-sys.cfg
File: epstopdf-sys.cfg 2010/07/13 v1.3 Configuration of (r)epstopdf for TeX Liv
e
))
\AtBeginShipoutBox=\box60
Package hyperref Info: Link coloring ON on input line 47.
(/usr/share/texlive/texmf-dist/tex/latex/hyperref/nameref.sty
Package: nameref 2019/09/16 v2.46 Cross-referencing by name of section
(/usr/share/texlive/texmf-dist/tex/latex/refcount/refcount.sty
Package: refcount 2019/12/15 v3.6 Data extraction from label references (HO)
) (/usr/share/texlive/texmf-dist/tex/generic/gettitlestring/gettitlestring.sty
Package: gettitlestring 2019/12/15 v1.6 Cleanup title references (HO)
)
\c@section@level=\count324
)
LaTeX Info: Redefining \ref on input line 47.
LaTeX Info: Redefining \pageref on input line 47.
LaTeX Info: Redefining \nameref on input line 47.

(/home/rafal/L2/L2projects/redditAttacks/shortTermAbridged/revisedSubmission/re
dditAttacksResubmission.out)
(/home/rafal/L2/L2projects/redditAttacks/shortTermAbridged/revisedSubmission/re
dditAttacksResubmission.out)
\@outlinefile=\write3
\openout3 = `redditAttacksResubmission.out'.

(/usr/share/texlive/texmf-dist/tex/latex/upquote/upquote.sty
Package: upquote 2012/04/19 v1.3 upright-quote and grave-accent glyphs in verba
tim
)
*geometry* driver: auto-detecting
*geometry* detected driver: pdftex
*geometry* verbose mode - [ preamble ] result:
* driver: pdftex
* paper: custom
* layout: <same size as paper>
* layoutoffset:(h,v)=(0.0pt,0.0pt)
* modes: 
* h-part:(L,W,R)=(51.4995pt, 494.50888pt, 51.4995pt)
* v-part:(T,H,B)=(55.48286pt, 689.4103pt, 51.784pt)
* \paperwidth=597.50787pt
* \paperheight=796.67715pt
* \textwidth=494.50888pt
* \textheight=689.4103pt
* \oddsidemargin=-20.7705pt
* \evensidemargin=-20.7705pt
* \topmargin=-40.78712pt
* \headheight=12.0pt
* \headsep=12.0pt
* \topskip=10.0pt
* \footskip=12.0pt
* \marginparwidth=57.0pt
* \marginparsep=11.0pt
* \columnsep=18.0pt
* \skip\footins=9.0pt plus 4.0pt minus 2.0pt
* \hoffset=0.0pt
* \voffset=0.0pt
* \mag=1000
* \@twocolumnfalse
* \@twosidefalse
* \@mparswitchfalse
* \@reversemarginfalse
* (1in=72.27pt=25.4mm, 1cm=28.453pt)

\verbatim@out=\write4
\openout4 = `redditAttacksResubmission.abs'.

LaTeX Font Info:    Trying to load font information for TS1+stix on input line 
227.
(/usr/share/texlive/texmf-dist/tex/latex/stix/ts1stix.fd
File: ts1stix.fd 2015/04/17 v1.1.2-latex STIX TS1 font definitions
) [0

{/var/lib/texmf/fonts/map/pdftex/updmap/pdftex.map}]
LaTeX Font Info:    Trying to load font information for LS1+stixscr on input li
ne 241.
(/usr/share/texlive/texmf-dist/tex/latex/stix/ls1stixscr.fd
File: ls1stixscr.fd 2015/04/17 v1.1.2-latex STIX script LS1 font definitions
)
LaTeX Font Info:    Trying to load font information for LS2+stixex on input lin
e 241.
(/usr/share/texlive/texmf-dist/tex/latex/stix/ls2stixex.fd
File: ls2stixex.fd 2015/04/17 v1.1.2-latex STIX extentions LS2 font definitions

)
LaTeX Font Info:    Trying to load font information for U+msa on input line 241
.
(/usr/share/texlive/texmf-dist/tex/latex/amsfonts/umsa.fd
File: umsa.fd 2013/01/14 v3.01 AMS symbols A
)
LaTeX Font Info:    Trying to load font information for U+msb on input line 241
.
(/usr/share/texlive/texmf-dist/tex/latex/amsfonts/umsb.fd
File: umsb.fd 2013/01/14 v3.01 AMS symbols B
)
LaTeX Font Info:    Trying to load font information for LS1+stixfrak on input l
ine 241.
(/usr/share/texlive/texmf-dist/tex/latex/stix/ls1stixfrak.fd
File: ls1stixfrak.fd 2015/04/17 v1.1.2-latex STIX fraktur LS1 font definitions
)
LaTeX Font Info:    Trying to load font information for LS1+stixbb on input lin
e 241.
(/usr/share/texlive/texmf-dist/tex/latex/stix/ls1stixbb.fd
File: ls1stixbb.fd 2015/04/17 v1.1.2-latex STIX blackboard LS1 font definitions

)
LaTeX Font Info:    Trying to load font information for LS2+stixcal on input li
ne 241.
(/usr/share/texlive/texmf-dist/tex/latex/stix/ls2stixcal.fd
File: ls2stixcal.fd 2015/04/17 v1.1.2-latex STIX calligraphic LS2 font definiti
ons
)
LaTeX Font Info:    Trying to load font information for LS1+stixsf on input lin
e 241.
(/usr/share/texlive/texmf-dist/tex/latex/stix/ls1stixsf.fd
File: ls1stixsf.fd 2015/04/17 v1.1.2-latex STIX sans-serif LS1 font definitions

)
LaTeX Font Info:    Trying to load font information for LS2+stixtt on input lin
e 241.
(/usr/share/texlive/texmf-dist/tex/latex/stix/ls2stixtt.fd
File: ls2stixtt.fd 2015/04/17 v1.1.2-latex STIX typewriter LS2 font definitions

)
Overfull \hbox (123.62721pt too wide) detected at line 241
[]
 []


(/home/rafal/L2/L2projects/redditAttacks/shortTermAbridged/revisedSubmission/re
dditAttacksResubmission.abs)

Package hyperref Warning: Ignoring empty anchor on input line 241.

LaTeX Font Info:    Trying to load font information for T1+phv on input line 24
1.
(/usr/share/texlive/texmf-dist/tex/latex/psnfss/t1phv.fd
File: t1phv.fd 2001/06/04 scalable font definitions for T1/phv.
)
LaTeX Font Info:    Font shape `T1/phv/m/n' will be
(Font)              scaled to size 6.88pt on input line 241.

Package hyperref Warning: Ignoring empty anchor on input line 241.


Underfull \hbox (badness 1348) in paragraph at lines 241--241
[][][]\T1/phv/m/n/8 Samurai Labs \T1/stix/m/n/8 con-tributed 3000 PLN to the fu
nd-ing of this re-
 []


Package hyperref Warning: Ignoring empty anchor on input line 241.


Package hyperref Warning: Ignoring empty anchor on input line 241.

<thumbnails/cas-email.jpeg, id=13, 225.84375pt x 225.84375pt>
File: thumbnails/cas-email.jpeg Graphic file (type jpg)
<use thumbnails/cas-email.jpeg>
Package pdftex.def Info: thumbnails/cas-email.jpeg  used on input line 241.
(pdftex.def)             Requested size: 7.99838pt x 8.0pt.
LaTeX Font Info:    Trying to load font information for T1+zi4 on input line 24
1.
(/usr/share/texlive/texmf-dist/tex/latex/inconsolata/t1zi4.fd
File: t1zi4.fd 2018/01/14 T1/zi4 (Inconsolata)
)
LaTeX Font Info:    Font shape `T1/zi4/m/n' will be
(Font)              scaled to size 6.80005pt on input line 241.

Package hyperref Warning: Ignoring empty anchor on input line 241.

<thumbnails/cas-url.jpeg, id=14, 225.84375pt x 225.84375pt>
File: thumbnails/cas-url.jpeg Graphic file (type jpg)
<use thumbnails/cas-url.jpeg>
Package pdftex.def Info: thumbnails/cas-url.jpeg  used on input line 241.
(pdftex.def)             Requested size: 7.99838pt x 8.0pt.

Package hyperref Warning: Ignoring empty anchor on input line 241.


Underfull \hbox (badness 10000) in paragraph at lines 250--250
[][][][][]$\T1/zi4/m/n/8 https : / / www . searchenginejournal . com /
 []

LaTeX Font Info:    Font shape `T1/phv/m/n' will be
(Font)              scaled to size 7.74pt on input line 256.
[1

 <./thumbnails/cas-email.jpeg> <./thumbnails/cas-url.jpeg>]
LaTeX Font Info:    Font shape `T1/phv/m/n' will be
(Font)              scaled to size 8.6pt on input line 268.
[2]
Overfull \hbox (5.02635pt too wide) in paragraph at lines 325--328
[]\T1/stix/m/n/10 With re-gards to on-line hate against larger groups, [][]Bile
wicz
 []


Underfull \hbox (badness 1748) in paragraph at lines 325--328
\T1/stix/m/n/10 fail-ure to em-pathize, schaden-freude or de-hu-man-iza-tion.
 []

[3] [4]
Underfull \hbox (badness 10000) in paragraph at lines 428--428
[][][][][]$\T1/zi4/m/n/8 https : / / www . pewresearch . org / internet / 2017 
/ 07 / 11 /
 []


Underfull \hbox (badness 10000) in paragraph at lines 428--428
[][][][][]$\T1/zi4/m/n/8 https : / / www . ditchthelabel . org / wp-[]content /
 uploads / 2020 / 05 /
 []


Overfull \hbox (0.268pt too wide) in paragraph at lines 431--435
[]\T1/stix/m/n/10 In a study con-ducted by [][]Mo-han, Guha, Har-ris, Popowich,

 []


Underfull \hbox (badness 10000) in paragraph at lines 460--460
[][][][][]$\T1/zi4/m/n/8 https : / / www . prevnet . ca / bullying / cyber-[]bu
llying /
 []


Underfull \hbox (badness 10000) in paragraph at lines 462--462
[][][][][]$\T1/zi4/m/n/8 https : / / www . bmjv . de / DE / Themen / FokusTheme
n / NetzDG / NetzDG _ EN _ node .
 []


Underfull \hbox (badness 10000) in paragraph at lines 463--463
[][][][][]$\T1/zi4/m/n/8 https : / / www . theguardian . com / technology / 201
7 / mar / 25 /
 []


Overfull \hbox (16.34729pt too wide) in paragraph at lines 463--463
[][][][][]$\T1/zi4/m/n/8 https : / / www . reuters . com / article / us-[]faceb
ook-[]ads-[]boycott-[]idUSKBN2424GS$[][]| 
 []


Underfull \hbox (badness 10000) in paragraph at lines 463--463
[][][][][]$\T1/zi4/m/n/8 https : / / www . forbes . com / sites / johnkoetsier 
/ 2020 / 06 / 09 /
 []


Underfull \hbox (badness 10000) in paragraph at lines 463--463
\T1/zi4/m/n/8 300000-[]facebook-[]content-[]moderation-[]mistakes-[]daily-[]rep
ort-[]says / ?sh =
 []


Underfull \hbox (badness 10000) in paragraph at lines 463--463
[][][][][]$\T1/zi4/m/n/8 https : / / www . nielsen . com / us / en / insights /
 article / 2021 /
 []

[5] [6]
Package epstopdf Info: Source file: <images/example.eps>
(epstopdf)                    date: 2021-07-06 08:43:39
(epstopdf)                    size: 1142569 bytes
(epstopdf)             Output file: <images/example-eps-converted-to.pdf>
(epstopdf)                    date: 2021-07-06 08:43:39
(epstopdf)                    size: 557720 bytes
(epstopdf)             Command: <repstopdf --outfile=images/example-eps-convert
ed-to.pdf images/example.eps>
(epstopdf)             \includegraphics on input line 501.
Package epstopdf Info: Output file is already uptodate.


pdfTeX warning: pdflatex (file ./images/example-eps-converted-to.pdf): PDF incl
usion: found PDF version <1.7>, but at most version <1.5> allowed
<images/example-eps-converted-to.pdf, id=356, 1927.2pt x 1084.05pt>
File: images/example-eps-converted-to.pdf Graphic file (type pdf)
<use images/example-eps-converted-to.pdf>
Package pdftex.def Info: images/example-eps-converted-to.pdf  used on input lin
e 501.
(pdftex.def)             Requested size: 494.50888pt x 278.15765pt.
LaTeX Font Info:    Font shape `T1/phv/b/n' will be
(Font)              scaled to size 7.74pt on input line 502.
[7 <./images/example-eps-converted-to.pdf>]
LaTeX Font Info:    Font shape `T1/zi4/m/n' will be
(Font)              scaled to size 8.50006pt on input line 556.

Underfull \hbox (badness 1960) in paragraph at lines 563--564
[]\T1/stix/m/n/10 Practical lim-i-ta-tions al-lowed for data col-lec-tion for
 []

[8]
<images/hihgplot2-1.pdf, id=398, 449.68pt x 316.18124pt>
File: images/hihgplot2-1.pdf Graphic file (type pdf)
<use images/hihgplot2-1.pdf>
Package pdftex.def Info: images/hihgplot2-1.pdf  used on input line 628.
(pdftex.def)             Requested size: 494.50888pt x 347.71841pt.
<images/unnamed-chunk-6-1.pdf, id=402, 463.7325pt x 316.18124pt>
File: images/unnamed-chunk-6-1.pdf Graphic file (type pdf)
<use images/unnamed-chunk-6-1.pdf>
Package pdftex.def Info: images/unnamed-chunk-6-1.pdf  used on input line 644.
(pdftex.def)             Requested size: 494.50888pt x 337.172pt.
[9]
<images/unnamed-chunk-14-1.pdf, id=423, 445.665pt x 316.18124pt>
File: images/unnamed-chunk-14-1.pdf Graphic file (type pdf)
<use images/unnamed-chunk-14-1.pdf>
Package pdftex.def Info: images/unnamed-chunk-14-1.pdf  used on input line 747.

(pdftex.def)             Requested size: 469.78192pt x 333.29308pt.
[10 <./images/hihgplot2-1.pdf>] [11 <./images/unnamed-chunk-6-1.pdf>]
<images/unnamed-chunk-19-1.pdf, id=473, 431.6125pt x 316.18124pt>
File: images/unnamed-chunk-19-1.pdf Graphic file (type pdf)
<use images/unnamed-chunk-19-1.pdf>
Package pdftex.def Info: images/unnamed-chunk-19-1.pdf  used on input line 838.

(pdftex.def)             Requested size: 238.25444pt x 174.53223pt.
[12 <./images/unnamed-chunk-14-1.pdf>]
<images/unnamed-chunk-24-1.pdf, id=499, 453.695pt x 316.18124pt>
File: images/unnamed-chunk-24-1.pdf Graphic file (type pdf)
<use images/unnamed-chunk-24-1.pdf>
Package pdftex.def Info: images/unnamed-chunk-24-1.pdf  used on input line 872.

(pdftex.def)             Requested size: 494.50888pt x 344.6259pt.
<images/unnamed-chunk-25-1.pdf, id=500, 447.6725pt x 316.18124pt>
File: images/unnamed-chunk-25-1.pdf Graphic file (type pdf)
<use images/unnamed-chunk-25-1.pdf>
Package pdftex.def Info: images/unnamed-chunk-25-1.pdf  used on input line 881.

(pdftex.def)             Requested size: 494.50888pt x 349.27191pt.
<images/unnamed-chunk-31-1.pdf, id=501, 445.665pt x 315.1775pt>
File: images/unnamed-chunk-31-1.pdf Graphic file (type pdf)
<use images/unnamed-chunk-31-1.pdf>
Package pdftex.def Info: images/unnamed-chunk-31-1.pdf  used on input line 921.

(pdftex.def)             Requested size: 238.25444pt x 168.49565pt.
<images/unnamed-chunk-34-1.pdf, id=503, 452.69125pt x 315.1775pt>
File: images/unnamed-chunk-34-1.pdf Graphic file (type pdf)
<use images/unnamed-chunk-34-1.pdf>
Package pdftex.def Info: images/unnamed-chunk-34-1.pdf  used on input line 948.

(pdftex.def)             Requested size: 238.25444pt x 165.87944pt.
[13 <./images/unnamed-chunk-19-1.pdf>]
LaTeX Font Info:    Font shape `T1/phv/m/it' in size <9> not available
(Font)              Font shape `T1/phv/m/sl' tried instead on input line 1041.
LaTeX Font Info:    Font shape `T1/phv/m/sl' will be
(Font)              scaled to size 7.74pt on input line 1041.
[14 <./images/unnamed-chunk-24-1.pdf>]
<images/unnamed-chunk-46-1.pdf, id=559, 451.6875pt x 316.18124pt>
File: images/unnamed-chunk-46-1.pdf Graphic file (type pdf)
<use images/unnamed-chunk-46-1.pdf>
Package pdftex.def Info: images/unnamed-chunk-46-1.pdf  used on input line 1154
.
(pdftex.def)             Requested size: 237.36214pt x 166.15685pt.
<images/unnamed-chunk-47-1.pdf, id=560, 449.68pt x 316.18124pt>
File: images/unnamed-chunk-47-1.pdf Graphic file (type pdf)
<use images/unnamed-chunk-47-1.pdf>
Package pdftex.def Info: images/unnamed-chunk-47-1.pdf  used on input line 1154
.
(pdftex.def)             Requested size: 237.36214pt x 166.89499pt.
<images/unnamed-chunk-48-1.pdf, id=561, 451.6875pt x 316.18124pt>
File: images/unnamed-chunk-48-1.pdf Graphic file (type pdf)
<use images/unnamed-chunk-48-1.pdf>
Package pdftex.def Info: images/unnamed-chunk-48-1.pdf  used on input line 1156
.
(pdftex.def)             Requested size: 237.36214pt x 166.15685pt.
<images/unnamed-chunk-49-1.pdf, id=562, 449.68pt x 316.18124pt>
File: images/unnamed-chunk-49-1.pdf Graphic file (type pdf)
<use images/unnamed-chunk-49-1.pdf>
Package pdftex.def Info: images/unnamed-chunk-49-1.pdf  used on input line 1157
.
(pdftex.def)             Requested size: 237.36214pt x 166.89499pt.
<images/unnamed-chunk-50-1.pdf, id=563, 451.6875pt x 316.18124pt>
File: images/unnamed-chunk-50-1.pdf Graphic file (type pdf)
<use images/unnamed-chunk-50-1.pdf>
Package pdftex.def Info: images/unnamed-chunk-50-1.pdf  used on input line 1159
.
(pdftex.def)             Requested size: 237.36214pt x 166.15685pt.
<images/unnamed-chunk-52-1.pdf, id=564, 458.71375pt x 316.18124pt>
File: images/unnamed-chunk-52-1.pdf Graphic file (type pdf)
<use images/unnamed-chunk-52-1.pdf>
Package pdftex.def Info: images/unnamed-chunk-52-1.pdf  used on input line 1172
.
(pdftex.def)             Requested size: 237.36214pt x 163.60948pt.
<images/unnamed-chunk-53-1.pdf, id=565, 449.68pt x 316.18124pt>
File: images/unnamed-chunk-53-1.pdf Graphic file (type pdf)
<use images/unnamed-chunk-53-1.pdf>
Package pdftex.def Info: images/unnamed-chunk-53-1.pdf  used on input line 1172
.
(pdftex.def)             Requested size: 237.36214pt x 166.89499pt.
<images/unnamed-chunk-54-1.pdf, id=566, 451.6875pt x 316.18124pt>
File: images/unnamed-chunk-54-1.pdf Graphic file (type pdf)
<use images/unnamed-chunk-54-1.pdf>
Package pdftex.def Info: images/unnamed-chunk-54-1.pdf  used on input line 1173
.
(pdftex.def)             Requested size: 237.36214pt x 166.15685pt.
<images/unnamed-chunk-55-1.pdf, id=567, 449.68pt x 316.18124pt>
File: images/unnamed-chunk-55-1.pdf Graphic file (type pdf)
<use images/unnamed-chunk-55-1.pdf>
Package pdftex.def Info: images/unnamed-chunk-55-1.pdf  used on input line 1174
.
(pdftex.def)             Requested size: 237.36214pt x 166.89499pt.
<images/unnamed-chunk-56-1.pdf, id=568, 451.6875pt x 316.18124pt>
File: images/unnamed-chunk-56-1.pdf Graphic file (type pdf)
<use images/unnamed-chunk-56-1.pdf>
Package pdftex.def Info: images/unnamed-chunk-56-1.pdf  used on input line 1177
.
(pdftex.def)             Requested size: 237.36214pt x 166.15685pt.
[15 <./images/unnamed-chunk-25-1.pdf> <./images/unnamed-chunk-31-1.pdf> <./imag
es/unnamed-chunk-34-1.pdf>] [16 <./images/unnamed-chunk-46-1.pdf> <./images/unn
amed-chunk-47-1.pdf> <./images/unnamed-chunk-48-1.pdf> <./images/unnamed-chunk-
49-1.pdf> <./images/unnamed-chunk-50-1.pdf>] [17 <./images/unnamed-chunk-52-1.p
df> <./images/unnamed-chunk-53-1.pdf> <./images/unnamed-chunk-54-1.pdf> <./imag
es/unnamed-chunk-55-1.pdf> <./images/unnamed-chunk-56-1.pdf>]
<images/unnamed-chunk-59-1.pdf, id=696, 445.665pt x 303.1325pt>
File: images/unnamed-chunk-59-1.pdf Graphic file (type pdf)
<use images/unnamed-chunk-59-1.pdf>
Package pdftex.def Info: images/unnamed-chunk-59-1.pdf  used on input line 1249
.
(pdftex.def)             Requested size: 238.25444pt x 162.05634pt.
<images/distance-1.pdf, id=698, 456.70625pt x 316.18124pt>
File: images/distance-1.pdf Graphic file (type pdf)
<use images/distance-1.pdf>
Package pdftex.def Info: images/distance-1.pdf  used on input line 1268.
(pdftex.def)             Requested size: 494.50888pt x 342.36319pt.
[18 <./images/unnamed-chunk-59-1.pdf>] [19 <./images/distance-1.pdf>]
Underfull \hbox (badness 1253) in paragraph at lines 1353--1362
[]\T1/stix/m/n/10 Although mod-els cre-ated by Samu-rai Labs mit-i-gate
 []


Underfull \hbox (badness 1199) in paragraph at lines 1353--1362
\T1/stix/m/n/10 de-tec-tion. Also, mod-els were de-signed to de-tect on-line
 []


Underfull \hbox (badness 1975) in paragraph at lines 1391--1392
[]\T1/stix/b/n/10 Comment. \T1/stix/m/n/10 We have al-ready dis-cussed con-
 []

[20] [21]
Overfull \hbox (6.57886pt too wide) in paragraph at lines 1680--1681
\T1/stix/m/n/10 Con-cep-tu-al-iza-tion, Val-i-da-tion, In-ves-ti-ga-tion, Re-so
urces, Writ-
 []


(/home/rafal/L2/L2projects/redditAttacks/shortTermAbridged/revisedSubmission/re
dditAttacksResubmission.bbl
Underfull \hbox (badness 1331) in paragraph at lines 16--27
[]\T1/stix/m/n/8 Afful, B., Akrong, R., 2020.  What-sapp and aca-demic per-for-
mance
 []

[22]
Underfull \hbox (badness 1888) in paragraph at lines 107--122
[]\T1/stix/m/n/8 Bilewicz, M., Temp-ska, P., Leliwa, G., Dow-giaªªo, M., Ta«ska
, M.,
 []


Underfull \hbox (badness 10000) in paragraph at lines 107--122
\T1/stix/m/n/8 Ur-ba-niak, R., Wroczy«ski, M., 2021.  Ar-ti-fi-cial in-tel-li-g
ence
 []


Underfull \hbox (badness 10000) in paragraph at lines 107--122
\T1/stix/m/n/8 against hate: In-ter-ven-tion re-duc-ing ver-bal ag-gres-sion in

 []


Underfull \hbox (badness 10000) in paragraph at lines 107--122
\T1/stix/m/n/8 the so-cial net-work en-vi-ron-ment.  Ag-gres-sive Be-hav-ior
 []


Underfull \hbox (badness 10000) in paragraph at lines 107--122
\T1/stix/m/n/8 47, 260--266.  URL: [][]$\T1/zi4/m/n/8 https : / / onlinelibrary
 . wiley . com / doi /
 []


Underfull \hbox (badness 10000) in paragraph at lines 107--122
\T1/zi4/m/n/8 abs / 10 . 1002 / ab . 21948$[][]\T1/stix/m/n/8 , doi:[][]$\T1/zi
4/m/n/8 https : / / doi . org / 10 . 1002 / ab . 21948$[][]\T1/stix/m/n/8 ,
 []


Underfull \hbox (badness 10000) in paragraph at lines 319--331
[]\T1/stix/m/n/8 Lambert, D., 1992.  Zero-inflated pois-son re-gres-sion, with 
an
 []


Underfull \hbox (badness 10000) in paragraph at lines 319--331
\T1/stix/m/n/8 ap-pli-ca-tion to de-fects in man-u-fac-tur-ing.  Tech-no-met-ri
cs 34,
 []


Underfull \hbox (badness 10000) in paragraph at lines 319--331
\T1/stix/m/n/8 1--14.  URL: [][]$\T1/zi4/m/n/8 https : / / www . tandfonline . 
com / doi / abs / 10 . 1080 /
 []


Underfull \hbox (badness 10000) in paragraph at lines 319--331
\T1/zi4/m/n/8 00401706 . 1992 . 10485228$[][]\T1/stix/m/n/8 , doi:[][]$\T1/zi4/
m/n/8 10 . 1080 / 00401706 . 1992 . 10485228$[][]\T1/stix/m/n/8 ,
 []


Overfull \hbox (18.54488pt too wide) in paragraph at lines 319--331
[][]\T1/zi4/m/n/8 arXiv:https://www.tandfonline.com/doi/pdf/10.1080/00401706.19
92.10485228[][]\T1/stix/m/n/8 . 
 []

[23]
Underfull \hbox (badness 1210) in paragraph at lines 620--628
\T1/stix/m/n/8 ing.  Jour-nal of In-ter-na-tional Mar-ket-ing 28, 3--12.  doi:[
][]$\T1/zi4/m/n/8 10 . 1177 /
 []

)
Package atveryend Info: Empty hook `BeforeClearDocument' on input line 1698.
[24]
Package atveryend Info: Empty hook `AfterLastShipout' on input line 1698.

(/home/rafal/L2/L2projects/redditAttacks/shortTermAbridged/revisedSubmission/re
dditAttacksResubmission.aux

Package natbib Warning: Citation(s) may have changed.
(natbib)                Rerun to get citations correct.

)
Package atveryend Info: Executing hook `AtVeryEndDocument' on input line 1698.
Package atveryend Info: Executing hook `AtEndAfterFileList' on input line 1698.

Package rerunfilecheck Info: File `redditAttacksResubmission.out' has not chang
ed.
(rerunfilecheck)             Checksum: D41D8CD98F00B204E9800998ECF8427E;0.
 ) 
Here is how much of TeX's memory you used:
 14495 strings out of 481239
 218851 string characters out of 5920378
 506641 words of memory out of 5000000
 29248 multiletter control sequences out of 15000+600000
 652467 words of font info for 169 fonts, out of 8000000 for 9000
 1141 hyphenation exceptions out of 8191
 45i,11n,73p,2559b,546s stack positions out of 5000i,500n,10000p,200000b,80000s
{/usr/share/texlive/texmf-dist/fonts/enc/dvips/base/8r.enc}{/usr/share/texliv
e/texmf-dist/fonts/enc/dvips/inconsolata/i4-t1-0.enc}{/usr/share/texlive/texmf-
dist/fonts/enc/dvips/stix/stix-t1.enc}{/usr/share/texlive/texmf-dist/fonts/enc/
dvips/stix/stix-ts1.enc}</usr/share/texlive/texmf-dist/fonts/type1/public/incon
solata/Inconsolata-zi4r.pfb></usr/share/texlive/texmf-dist/fonts/type1/public/s
tix/STIXGeneral-Bold.pfb></usr/share/texlive/texmf-dist/fonts/type1/public/stix
/STIXGeneral-Italic.pfb></usr/share/texlive/texmf-dist/fonts/type1/public/stix/
STIXGeneral-Regular.pfb></usr/share/texlive/texmf-dist/fonts/type1/public/stix/
stix-mathcal.pfb></usr/share/texlive/texmf-dist/fonts/type1/public/stix/stix-ma
thex.pfb></usr/share/texlive/texmf-dist/fonts/type1/public/stix/stix-mathit.pfb
></usr/share/texlive/texmf-dist/fonts/type1/public/stix/stix-mathrm.pfb></usr/s
hare/texlive/texmf-dist/fonts/type1/public/stix/stix-mathsf.pfb></usr/share/tex
live/texmf-dist/fonts/type1/urw/helvetic/uhvb8a.pfb></usr/share/texlive/texmf-d
ist/fonts/type1/urw/helvetic/uhvr8a.pfb></usr/share/texlive/texmf-dist/fonts/ty
pe1/urw/helvetic/uhvro8a.pfb>
Output written on /home/rafal/L2/L2projects/redditAttacks/shortTermAbridged/rev
isedSubmission/redditAttacksResubmission.pdf (25 pages, 1608997 bytes).
PDF statistics:
 995 PDF objects out of 1000 (max. 8388607)
 882 compressed objects within 9 object streams
 177 named destinations out of 1000 (max. 500000)
 116 words of extra memory for PDF output out of 10000 (max. 10000000)

